[0.012s] Invoking command in '/home/a/Documents/ros2_workspace/build/cpp_pubsub': CMAKE_PREFIX_PATH=/opt/ros/humble /usr/bin/cmake /home/a/Documents/ros2_workspace/src/cpp_pubsub -DCMAKE_INSTALL_PREFIX=/home/a/Documents/ros2_workspace/install/cpp_pubsub
[0.108s] -- The C compiler identification is GNU 11.4.0
[0.173s] -- The CXX compiler identification is GNU 11.4.0
[0.180s] -- Detecting C compiler ABI info
[0.262s] -- Detecting C compiler ABI info - done
[0.271s] -- Check for working C compiler: /usr/bin/cc - skipped
[0.271s] -- Detecting C compile features
[0.272s] -- Detecting C compile features - done
[0.276s] -- Detecting CXX compiler ABI info
[0.361s] -- Detecting CXX compiler ABI info - done
[0.368s] -- Check for working CXX compiler: /usr/bin/c++ - skipped
[0.369s] -- Detecting CXX compile features
[0.369s] -- Detecting CXX compile features - done
[0.371s] -- Found ament_cmake: 1.3.5 (/opt/ros/humble/share/ament_cmake/cmake)
[0.514s] -- Found Python3: /usr/bin/python3.10 (found version "3.10.12") found components: Interpreter 
[0.609s] -- Found rclcpp: 16.0.5 (/opt/ros/humble/share/rclcpp/cmake)
[0.643s] -- Found rosidl_generator_c: 3.1.5 (/opt/ros/humble/share/rosidl_generator_c/cmake)
[0.647s] -- Found rosidl_adapter: 3.1.5 (/opt/ros/humble/share/rosidl_adapter/cmake)
[0.655s] -- Found rosidl_generator_cpp: 3.1.5 (/opt/ros/humble/share/rosidl_generator_cpp/cmake)
[0.668s] -- Using all available rosidl_typesupport_c: rosidl_typesupport_fastrtps_c;rosidl_typesupport_introspection_c
[0.687s] -- Using all available rosidl_typesupport_cpp: rosidl_typesupport_fastrtps_cpp;rosidl_typesupport_introspection_cpp
[0.756s] -- Found rmw_implementation_cmake: 6.1.1 (/opt/ros/humble/share/rmw_implementation_cmake/cmake)
[0.758s] -- Found rmw_fastrtps_cpp: 6.2.3 (/opt/ros/humble/share/rmw_fastrtps_cpp/cmake)
[0.850s] -- Found OpenSSL: /usr/lib/x86_64-linux-gnu/libcrypto.so (found version "3.0.2")  
[0.870s] -- Found FastRTPS: /opt/ros/humble/include  
[0.906s] -- Using RMW implementation 'rmw_fastrtps_cpp' as default
[0.916s] -- Looking for pthread.h
[0.994s] -- Looking for pthread.h - found
[0.994s] -- Performing Test CMAKE_HAVE_LIBC_PTHREAD
[1.081s] -- Performing Test CMAKE_HAVE_LIBC_PTHREAD - Success
[1.082s] -- Found Threads: TRUE  
[1.324s] -- Configuring done
[1.337s] -- Generating done
[1.338s] -- Build files have been written to: /home/a/Documents/ros2_workspace/build/cpp_pubsub
[1.346s] Invoked command in '/home/a/Documents/ros2_workspace/build/cpp_pubsub' returned '0': CMAKE_PREFIX_PATH=/opt/ros/humble /usr/bin/cmake /home/a/Documents/ros2_workspace/src/cpp_pubsub -DCMAKE_INSTALL_PREFIX=/home/a/Documents/ros2_workspace/install/cpp_pubsub
[1.348s] Invoking command in '/home/a/Documents/ros2_workspace/build/cpp_pubsub': CMAKE_PREFIX_PATH=/opt/ros/humble /usr/bin/cmake --build /home/a/Documents/ros2_workspace/build/cpp_pubsub -- -j5 -l5
[1.398s] [ 50%] [32mBuilding CXX object CMakeFiles/talker.dir/src/publisher_member_function.cpp.o[0m
[6.109s] [100%] [32m[1mLinking CXX executable talker[0m
[6.324s] [100%] Built target talker
[6.336s] Invoked command in '/home/a/Documents/ros2_workspace/build/cpp_pubsub' returned '0': CMAKE_PREFIX_PATH=/opt/ros/humble /usr/bin/cmake --build /home/a/Documents/ros2_workspace/build/cpp_pubsub -- -j5 -l5
[6.371s] Invoking command in '/home/a/Documents/ros2_workspace/build/cpp_pubsub': CMAKE_PREFIX_PATH=/opt/ros/humble /usr/bin/cmake --install /home/a/Documents/ros2_workspace/build/cpp_pubsub
[6.379s] -- Install configuration: ""
[6.379s] -- Installing: /home/a/Documents/ros2_workspace/install/cpp_pubsub/lib/cpp_pubsub/talker
[6.380s] -- Set runtime path of "/home/a/Documents/ros2_workspace/install/cpp_pubsub/lib/cpp_pubsub/talker" to ""
[6.380s] -- Installing: /home/a/Documents/ros2_workspace/install/cpp_pubsub/share/ament_index/resource_index/package_run_dependencies/cpp_pubsub
[6.380s] -- Installing: /home/a/Documents/ros2_workspace/install/cpp_pubsub/share/ament_index/resource_index/parent_prefix_path/cpp_pubsub
[6.381s] -- Installing: /home/a/Documents/ros2_workspace/install/cpp_pubsub/share/cpp_pubsub/environment/ament_prefix_path.sh
[6.381s] -- Installing: /home/a/Documents/ros2_workspace/install/cpp_pubsub/share/cpp_pubsub/environment/ament_prefix_path.dsv
[6.381s] -- Installing: /home/a/Documents/ros2_workspace/install/cpp_pubsub/share/cpp_pubsub/environment/path.sh
[6.381s] -- Installing: /home/a/Documents/ros2_workspace/install/cpp_pubsub/share/cpp_pubsub/environment/path.dsv
[6.382s] -- Installing: /home/a/Documents/ros2_workspace/install/cpp_pubsub/share/cpp_pubsub/local_setup.bash
[6.382s] -- Installing: /home/a/Documents/ros2_workspace/install/cpp_pubsub/share/cpp_pubsub/local_setup.sh
[6.383s] -- Installing: /home/a/Documents/ros2_workspace/install/cpp_pubsub/share/cpp_pubsub/local_setup.zsh
[6.383s] -- Installing: /home/a/Documents/ros2_workspace/install/cpp_pubsub/share/cpp_pubsub/local_setup.dsv
[6.384s] -- Installing: /home/a/Documents/ros2_workspace/install/cpp_pubsub/share/cpp_pubsub/package.dsv
[6.384s] -- Installing: /home/a/Documents/ros2_workspace/install/cpp_pubsub/share/ament_index/resource_index/packages/cpp_pubsub
[6.384s] -- Installing: /home/a/Documents/ros2_workspace/install/cpp_pubsub/share/cpp_pubsub/cmake/cpp_pubsubConfig.cmake
[6.385s] -- Installing: /home/a/Documents/ros2_workspace/install/cpp_pubsub/share/cpp_pubsub/cmake/cpp_pubsubConfig-version.cmake
[6.385s] -- Installing: /home/a/Documents/ros2_workspace/install/cpp_pubsub/share/cpp_pubsub/package.xml
[6.387s] Invoked command in '/home/a/Documents/ros2_workspace/build/cpp_pubsub' returned '0': CMAKE_PREFIX_PATH=/opt/ros/humble /usr/bin/cmake --install /home/a/Documents/ros2_workspace/build/cpp_pubsub
