[0.014s] Invoking command in '/home/a/Documents/ros2_workspace/build/cpp_pubsub': CMAKE_PREFIX_PATH=/opt/ros/humble /usr/bin/cmake --build /home/a/Documents/ros2_workspace/build/cpp_pubsub -- -j5 -l5
[0.061s] [35m[1mConsolidate compiler generated dependencies of target talker[0m
[0.084s] [ 50%] [32mBuilding CXX object CMakeFiles/talker.dir/src/publisher_member_function.cpp.o[0m
[4.622s] [100%] [32m[1mLinking CXX executable talker[0m
[4.818s] [100%] Built target talker
[4.829s] Invoked command in '/home/a/Documents/ros2_workspace/build/cpp_pubsub' returned '0': CMAKE_PREFIX_PATH=/opt/ros/humble /usr/bin/cmake --build /home/a/Documents/ros2_workspace/build/cpp_pubsub -- -j5 -l5
[4.866s] Invoking command in '/home/a/Documents/ros2_workspace/build/cpp_pubsub': CMAKE_PREFIX_PATH=/opt/ros/humble /usr/bin/cmake --install /home/a/Documents/ros2_workspace/build/cpp_pubsub
[4.874s] -- Install configuration: ""
[4.874s] -- Installing: /home/a/Documents/ros2_workspace/install/cpp_pubsub/lib/cpp_pubsub/talker
[4.876s] -- Set runtime path of "/home/a/Documents/ros2_workspace/install/cpp_pubsub/lib/cpp_pubsub/talker" to ""
[4.876s] -- Up-to-date: /home/a/Documents/ros2_workspace/install/cpp_pubsub/share/ament_index/resource_index/package_run_dependencies/cpp_pubsub
[4.877s] -- Up-to-date: /home/a/Documents/ros2_workspace/install/cpp_pubsub/share/ament_index/resource_index/parent_prefix_path/cpp_pubsub
[4.877s] -- Up-to-date: /home/a/Documents/ros2_workspace/install/cpp_pubsub/share/cpp_pubsub/environment/ament_prefix_path.sh
[4.877s] -- Up-to-date: /home/a/Documents/ros2_workspace/install/cpp_pubsub/share/cpp_pubsub/environment/ament_prefix_path.dsv
[4.877s] -- Up-to-date: /home/a/Documents/ros2_workspace/install/cpp_pubsub/share/cpp_pubsub/environment/path.sh
[4.877s] -- Up-to-date: /home/a/Documents/ros2_workspace/install/cpp_pubsub/share/cpp_pubsub/environment/path.dsv
[4.877s] -- Up-to-date: /home/a/Documents/ros2_workspace/install/cpp_pubsub/share/cpp_pubsub/local_setup.bash
[4.878s] -- Up-to-date: /home/a/Documents/ros2_workspace/install/cpp_pubsub/share/cpp_pubsub/local_setup.sh
[4.878s] -- Up-to-date: /home/a/Documents/ros2_workspace/install/cpp_pubsub/share/cpp_pubsub/local_setup.zsh
[4.878s] -- Up-to-date: /home/a/Documents/ros2_workspace/install/cpp_pubsub/share/cpp_pubsub/local_setup.dsv
[4.878s] -- Installing: /home/a/Documents/ros2_workspace/install/cpp_pubsub/share/cpp_pubsub/package.dsv
[4.879s] -- Up-to-date: /home/a/Documents/ros2_workspace/install/cpp_pubsub/share/ament_index/resource_index/packages/cpp_pubsub
[4.879s] -- Up-to-date: /home/a/Documents/ros2_workspace/install/cpp_pubsub/share/cpp_pubsub/cmake/cpp_pubsubConfig.cmake
[4.879s] -- Up-to-date: /home/a/Documents/ros2_workspace/install/cpp_pubsub/share/cpp_pubsub/cmake/cpp_pubsubConfig-version.cmake
[4.880s] -- Up-to-date: /home/a/Documents/ros2_workspace/install/cpp_pubsub/share/cpp_pubsub/package.xml
[4.880s] Invoked command in '/home/a/Documents/ros2_workspace/build/cpp_pubsub' returned '0': CMAKE_PREFIX_PATH=/opt/ros/humble /usr/bin/cmake --install /home/a/Documents/ros2_workspace/build/cpp_pubsub
