[0.604s] Invoking command in '/home/a/Documents/ros2_workspace/src/py_pubsub': PYTHONPATH=/home/a/Documents/ros2_workspace/build/py_pubsub/prefix_override:/home/a/Documents/ros2_workspace/install/py_pubsub/lib/python3.10/site-packages:${PYTHONPATH} /usr/bin/python3 setup.py egg_info --egg-base ../../build/py_pubsub build --build-base /home/a/Documents/ros2_workspace/build/py_pubsub/build install --record /home/a/Documents/ros2_workspace/build/py_pubsub/install.log --single-version-externally-managed
[0.822s] running egg_info
[0.823s] creating ../../build/py_pubsub/py_pubsub.egg-info
[0.823s] writing ../../build/py_pubsub/py_pubsub.egg-info/PKG-INFO
[0.823s] writing dependency_links to ../../build/py_pubsub/py_pubsub.egg-info/dependency_links.txt
[0.824s] writing entry points to ../../build/py_pubsub/py_pubsub.egg-info/entry_points.txt
[0.824s] writing requirements to ../../build/py_pubsub/py_pubsub.egg-info/requires.txt
[0.824s] writing top-level names to ../../build/py_pubsub/py_pubsub.egg-info/top_level.txt
[0.824s] writing manifest file '../../build/py_pubsub/py_pubsub.egg-info/SOURCES.txt'
[0.825s] reading manifest file '../../build/py_pubsub/py_pubsub.egg-info/SOURCES.txt'
[0.826s] writing manifest file '../../build/py_pubsub/py_pubsub.egg-info/SOURCES.txt'
[0.826s] running build
[0.827s] running build_py
[0.827s] creating /home/a/Documents/ros2_workspace/build/py_pubsub/build
[0.828s] creating /home/a/Documents/ros2_workspace/build/py_pubsub/build/lib
[0.828s] creating /home/a/Documents/ros2_workspace/build/py_pubsub/build/lib/py_pubsub
[0.828s] copying py_pubsub/__init__.py -> /home/a/Documents/ros2_workspace/build/py_pubsub/build/lib/py_pubsub
[0.828s] copying py_pubsub/subscriber_member_function.py -> /home/a/Documents/ros2_workspace/build/py_pubsub/build/lib/py_pubsub
[0.829s] running install
[0.829s] running install_lib
[0.829s] creating /home/a/Documents/ros2_workspace/install/py_pubsub/lib/python3.10/site-packages/py_pubsub
[0.829s] copying /home/a/Documents/ros2_workspace/build/py_pubsub/build/lib/py_pubsub/__init__.py -> /home/a/Documents/ros2_workspace/install/py_pubsub/lib/python3.10/site-packages/py_pubsub
[0.830s] copying /home/a/Documents/ros2_workspace/build/py_pubsub/build/lib/py_pubsub/subscriber_member_function.py -> /home/a/Documents/ros2_workspace/install/py_pubsub/lib/python3.10/site-packages/py_pubsub
[0.830s] byte-compiling /home/a/Documents/ros2_workspace/install/py_pubsub/lib/python3.10/site-packages/py_pubsub/__init__.py to __init__.cpython-310.pyc
[0.830s] byte-compiling /home/a/Documents/ros2_workspace/install/py_pubsub/lib/python3.10/site-packages/py_pubsub/subscriber_member_function.py to subscriber_member_function.cpython-310.pyc
[0.830s] running install_data
[0.831s] creating /home/a/Documents/ros2_workspace/install/py_pubsub/share/ament_index
[0.831s] creating /home/a/Documents/ros2_workspace/install/py_pubsub/share/ament_index/resource_index
[0.831s] creating /home/a/Documents/ros2_workspace/install/py_pubsub/share/ament_index/resource_index/packages
[0.831s] copying resource/py_pubsub -> /home/a/Documents/ros2_workspace/install/py_pubsub/share/ament_index/resource_index/packages
[0.831s] copying package.xml -> /home/a/Documents/ros2_workspace/install/py_pubsub/share/py_pubsub
[0.831s] running install_egg_info
[0.832s] /usr/lib/python3/dist-packages/setuptools/command/install.py:34: SetuptoolsDeprecationWarning: setup.py install is deprecated. Use build and pip and other standards-based tools.
[0.832s]   warnings.warn(
[0.833s] Copying ../../build/py_pubsub/py_pubsub.egg-info to /home/a/Documents/ros2_workspace/install/py_pubsub/lib/python3.10/site-packages/py_pubsub-0.0.0-py3.10.egg-info
[0.833s] running install_scripts
[0.854s] Installing listener script to /home/a/Documents/ros2_workspace/install/py_pubsub/lib/py_pubsub
[0.854s] writing list of installed files to '/home/a/Documents/ros2_workspace/build/py_pubsub/install.log'
[0.880s] Invoked command in '/home/a/Documents/ros2_workspace/src/py_pubsub' returned '0': PYTHONPATH=/home/a/Documents/ros2_workspace/build/py_pubsub/prefix_override:/home/a/Documents/ros2_workspace/install/py_pubsub/lib/python3.10/site-packages:${PYTHONPATH} /usr/bin/python3 setup.py egg_info --egg-base ../../build/py_pubsub build --build-base /home/a/Documents/ros2_workspace/build/py_pubsub/build install --record /home/a/Documents/ros2_workspace/build/py_pubsub/install.log --single-version-externally-managed
