[0.020s] Invoking command in '/home/a/Documents/ros2_workspace/build/cpp_pubsub': CMAKE_PREFIX_PATH=/opt/ros/humble /usr/bin/cmake --build /home/a/Documents/ros2_workspace/build/cpp_pubsub -- -j5 -l5
[0.069s] [35m[1mConsolidate compiler generated dependencies of target talker[0m
[0.092s] [ 50%] [32mBuilding CXX object CMakeFiles/talker.dir/src/publisher_member_function.cpp.o[0m
[4.586s] [100%] [32m[1mLinking CXX executable talker[0m
[4.783s] [100%] Built target talker
[4.799s] Invoked command in '/home/a/Documents/ros2_workspace/build/cpp_pubsub' returned '0': CMAKE_PREFIX_PATH=/opt/ros/humble /usr/bin/cmake --build /home/a/Documents/ros2_workspace/build/cpp_pubsub -- -j5 -l5
[4.834s] Invoking command in '/home/a/Documents/ros2_workspace/build/cpp_pubsub': CMAKE_PREFIX_PATH=/opt/ros/humble /usr/bin/cmake --install /home/a/Documents/ros2_workspace/build/cpp_pubsub
[4.842s] -- Install configuration: ""
[4.842s] -- Installing: /home/a/Documents/ros2_workspace/install/cpp_pubsub/lib/cpp_pubsub/talker
[4.844s] -- Set runtime path of "/home/a/Documents/ros2_workspace/install/cpp_pubsub/lib/cpp_pubsub/talker" to ""
[4.845s] -- Up-to-date: /home/a/Documents/ros2_workspace/install/cpp_pubsub/share/ament_index/resource_index/package_run_dependencies/cpp_pubsub
[4.845s] -- Up-to-date: /home/a/Documents/ros2_workspace/install/cpp_pubsub/share/ament_index/resource_index/parent_prefix_path/cpp_pubsub
[4.845s] -- Up-to-date: /home/a/Documents/ros2_workspace/install/cpp_pubsub/share/cpp_pubsub/environment/ament_prefix_path.sh
[4.845s] -- Up-to-date: /home/a/Documents/ros2_workspace/install/cpp_pubsub/share/cpp_pubsub/environment/ament_prefix_path.dsv
[4.845s] -- Up-to-date: /home/a/Documents/ros2_workspace/install/cpp_pubsub/share/cpp_pubsub/environment/path.sh
[4.845s] -- Up-to-date: /home/a/Documents/ros2_workspace/install/cpp_pubsub/share/cpp_pubsub/environment/path.dsv
[4.845s] -- Up-to-date: /home/a/Documents/ros2_workspace/install/cpp_pubsub/share/cpp_pubsub/local_setup.bash
[4.845s] -- Up-to-date: /home/a/Documents/ros2_workspace/install/cpp_pubsub/share/cpp_pubsub/local_setup.sh
[4.845s] -- Up-to-date: /home/a/Documents/ros2_workspace/install/cpp_pubsub/share/cpp_pubsub/local_setup.zsh
[4.846s] -- Up-to-date: /home/a/Documents/ros2_workspace/install/cpp_pubsub/share/cpp_pubsub/local_setup.dsv
[4.846s] -- Installing: /home/a/Documents/ros2_workspace/install/cpp_pubsub/share/cpp_pubsub/package.dsv
[4.846s] -- Up-to-date: /home/a/Documents/ros2_workspace/install/cpp_pubsub/share/ament_index/resource_index/packages/cpp_pubsub
[4.846s] -- Up-to-date: /home/a/Documents/ros2_workspace/install/cpp_pubsub/share/cpp_pubsub/cmake/cpp_pubsubConfig.cmake
[4.846s] -- Up-to-date: /home/a/Documents/ros2_workspace/install/cpp_pubsub/share/cpp_pubsub/cmake/cpp_pubsubConfig-version.cmake
[4.846s] -- Up-to-date: /home/a/Documents/ros2_workspace/install/cpp_pubsub/share/cpp_pubsub/package.xml
[4.847s] Invoked command in '/home/a/Documents/ros2_workspace/build/cpp_pubsub' returned '0': CMAKE_PREFIX_PATH=/opt/ros/humble /usr/bin/cmake --install /home/a/Documents/ros2_workspace/build/cpp_pubsub
